Build started 5/12/2016 4:57:40 AM.
     1>Project "C:\Users\Adrienne\Desktop\game prog hw\Final\NYUCodebase\NYUCodebase.vcxproj" on node 2 (Build target(s)).
     1>ClCompile:
         C:\Program Files (x86)\Microsoft Visual Studio 12.0\VC\bin\CL.exe /c /IC:\SDL2\include /IC:\SDL2_image\include /IC:\glew\include /IC:\SDL2_mixer\include /ZI /nologo /W3 /WX- /sdl /Od /Oy- /D _WINDOWS /D _MBCS /D _MBCS /Gm /EHsc /RTC1 /MDd /GS /fp:precise /Zc:wchar_t /Zc:forScope /Fo"Debug\\" /Fd"Debug\vc120.pdb" /Gd /TP /analyze- /errorReport:prompt PerlinNoise.cpp
         PerlinNoise.cpp
     1>c:\users\adrienne\desktop\game prog hw\final\nyucodebase\perlinnoise.cpp(40): warning C4244: '=' : conversion from 'double' to 'float', possible loss of data
     1>c:\users\adrienne\desktop\game prog hw\final\nyucodebase\perlinnoise.cpp(46): warning C4244: '=' : conversion from 'double' to 'float', possible loss of data
     1>c:\users\adrienne\desktop\game prog hw\final\nyucodebase\perlinnoise.cpp(48): warning C4244: '=' : conversion from 'double' to 'float', possible loss of data
     1>c:\users\adrienne\desktop\game prog hw\final\nyucodebase\perlinnoise.cpp(67): warning C4244: '=' : conversion from 'double' to 'float', possible loss of data
     1>c:\users\adrienne\desktop\game prog hw\final\nyucodebase\perlinnoise.cpp(68): warning C4244: '=' : conversion from 'double' to 'float', possible loss of data
     1>c:\users\adrienne\desktop\game prog hw\final\nyucodebase\perlinnoise.cpp(78): warning C4244: '=' : conversion from 'double' to 'float', possible loss of data
     1>c:\users\adrienne\desktop\game prog hw\final\nyucodebase\perlinnoise.cpp(79): warning C4244: '=' : conversion from 'double' to 'float', possible loss of data
     1>c:\users\adrienne\desktop\game prog hw\final\nyucodebase\perlinnoise.cpp(105): warning C4244: '=' : conversion from 'double' to 'float', possible loss of data
     1>c:\users\adrienne\desktop\game prog hw\final\nyucodebase\perlinnoise.cpp(106): warning C4244: '=' : conversion from 'double' to 'float', possible loss of data
     1>c:\users\adrienne\desktop\game prog hw\final\nyucodebase\perlinnoise.cpp(107): warning C4244: '=' : conversion from 'double' to 'float', possible loss of data
     1>c:\users\adrienne\desktop\game prog hw\final\nyucodebase\perlinnoise.cpp(117): warning C4244: '=' : conversion from 'double' to 'float', possible loss of data
     1>c:\users\adrienne\desktop\game prog hw\final\nyucodebase\perlinnoise.cpp(118): warning C4244: '=' : conversion from 'double' to 'float', possible loss of data
     1>c:\users\adrienne\desktop\game prog hw\final\nyucodebase\perlinnoise.cpp(119): warning C4244: '=' : conversion from 'double' to 'float', possible loss of data
       Link:
         C:\Program Files (x86)\Microsoft Visual Studio 12.0\VC\bin\link.exe /ERRORREPORT:PROMPT /OUT:"C:\Users\Adrienne\Desktop\game prog hw\Final\Debug\NYUCodebase.exe" /INCREMENTAL /NOLOGO /LIBPATH:C:\SDL2_mixer\lib\x86 /LIBPATH:C:\SDL2\lib\x86 /LIBPATH:C:\SDL2_image\lib\x86 /LIBPATH:C:\glew\lib\Release\Win32 SDL2.lib SDL2_mixer.lib glew32.lib SDL2main.lib SDL2_image.lib OpenGL32.lib /MANIFEST /MANIFESTUAC:"level='asInvoker' uiAccess='false'" /manifest:embed /DEBUG /PDB:"C:\Users\Adrienne\Desktop\game prog hw\Final\Debug\NYUCodebase.pdb" /SUBSYSTEM:WINDOWS /TLBID:1 /DYNAMICBASE /NXCOMPAT /IMPLIB:"C:\Users\Adrienne\Desktop\game prog hw\Final\Debug\NYUCodebase.lib" /MACHINE:X86 Debug\Entity.obj
         Debug\Funcs.obj
         Debug\main.obj
         Debug\Matrix.obj
         Debug\pair.obj
         Debug\PerlinNoise.obj
         Debug\Platformer.obj
         Debug\ShaderProgram.obj
     1>MSVCRTD.lib(cinitexe.obj) : warning LNK4098: defaultlib 'msvcrt.lib' conflicts with use of other libs; use /NODEFAULTLIB:library
         NYUCodebase.vcxproj -> C:\Users\Adrienne\Desktop\game prog hw\Final\Debug\NYUCodebase.exe
     1>Done Building Project "C:\Users\Adrienne\Desktop\game prog hw\Final\NYUCodebase\NYUCodebase.vcxproj" (Build target(s)).

Build succeeded.

Time Elapsed 00:00:00.69
