Build started 4/30/2016 10:14:50 PM.
     1>Project "C:\Users\Adrienne\Desktop\game prog hw\HW 4 Space Invaders With Sound\NYUCodebase\NYUCodebase.vcxproj" on node 2 (Build target(s)).
     1>ClCompile:
         C:\Program Files (x86)\Microsoft Visual Studio 12.0\VC\bin\CL.exe /c /IC:\SDL2\include /IC:\SDL2_image\include /IC:\glew\include /IC:\SDL2_mixer\include /ZI /nologo /W3 /WX- /sdl /Od /Oy- /D _WINDOWS /D _MBCS /D _MBCS /Gm /EHsc /RTC1 /MDd /GS /fp:precise /Zc:wchar_t /Zc:forScope /Fo"Debug\\" /Fd"Debug\vc120.pdb" /Gd /TP /analyze- /errorReport:prompt main.cpp
         main.cpp
     1>c:\users\adrienne\desktop\game prog hw\hw 4 space invaders with sound\nyucodebase\main.cpp(43): warning C4018: '<' : signed/unsigned mismatch
     1>c:\users\adrienne\desktop\game prog hw\hw 4 space invaders with sound\nyucodebase\main.cpp(78): warning C4244: 'initializing' : conversion from 'double' to 'float', possible loss of data
     1>c:\users\adrienne\desktop\game prog hw\hw 4 space invaders with sound\nyucodebase\main.cpp(79): warning C4244: 'initializing' : conversion from 'double' to 'float', possible loss of data
     1>c:\users\adrienne\desktop\game prog hw\hw 4 space invaders with sound\nyucodebase\main.cpp(113): warning C4244: 'initializing' : conversion from 'double' to 'float', possible loss of data
     1>c:\users\adrienne\desktop\game prog hw\hw 4 space invaders with sound\nyucodebase\main.cpp(114): warning C4244: 'initializing' : conversion from 'double' to 'float', possible loss of data
     1>c:\users\adrienne\desktop\game prog hw\hw 4 space invaders with sound\nyucodebase\main.cpp(404): warning C4018: '<' : signed/unsigned mismatch
     1>c:\users\adrienne\desktop\game prog hw\hw 4 space invaders with sound\nyucodebase\main.cpp(416): warning C4018: '<' : signed/unsigned mismatch
     1>c:\users\adrienne\desktop\game prog hw\hw 4 space invaders with sound\nyucodebase\main.cpp(426): warning C4018: '<' : signed/unsigned mismatch
     1>c:\users\adrienne\desktop\game prog hw\hw 4 space invaders with sound\nyucodebase\main.cpp(461): warning C4018: '<' : signed/unsigned mismatch
       Link:
         C:\Program Files (x86)\Microsoft Visual Studio 12.0\VC\bin\link.exe /ERRORREPORT:PROMPT /OUT:"C:\Users\Adrienne\Desktop\game prog hw\HW 4 Space Invaders With Sound\Debug\NYUCodebase.exe" /INCREMENTAL /NOLOGO /LIBPATH:C:\SDL2_mixer\lib\x86 /LIBPATH:C:\SDL2\lib\x86 /LIBPATH:C:\SDL2_image\lib\x86 /LIBPATH:C:\glew\lib\Release\Win32 SDL2.lib SDL2_mixer.lib glew32.lib SDL2main.lib SDL2_image.lib OpenGL32.lib /MANIFEST /MANIFESTUAC:"level='asInvoker' uiAccess='false'" /manifest:embed /DEBUG /PDB:"C:\Users\Adrienne\Desktop\game prog hw\HW 4 Space Invaders With Sound\Debug\NYUCodebase.pdb" /SUBSYSTEM:WINDOWS /TLBID:1 /DYNAMICBASE /NXCOMPAT /IMPLIB:"C:\Users\Adrienne\Desktop\game prog hw\HW 4 Space Invaders With Sound\Debug\NYUCodebase.lib" /MACHINE:X86 Debug\main.obj
         Debug\Matrix.obj
         Debug\ShaderProgram.obj
         NYUCodebase.vcxproj -> C:\Users\Adrienne\Desktop\game prog hw\HW 4 Space Invaders With Sound\Debug\NYUCodebase.exe
     1>Done Building Project "C:\Users\Adrienne\Desktop\game prog hw\HW 4 Space Invaders With Sound\NYUCodebase\NYUCodebase.vcxproj" (Build target(s)).

Build succeeded.

Time Elapsed 00:00:01.69
